Start testing: Jun 11 21:01 +04
----------------------------------------------------------
1/1 Testing: my_test
1/1 Test: my_test
Command: "/home/poisonivysart/Documents/L2/S2/CS_DevTech/GameOfLife/build/my_test"
Directory: /home/poisonivysart/Documents/L2/S2/CS_DevTech/GameOfLife/build
"my_test" start time: Jun 11 21:01 +04
Output:
----------------------------------------------------------


     CUnit - A unit testing framework for C - Version 2.1-3
     http://cunit.sourceforge.net/

0.840188
0.783099
0.911647
0.335223
0.277775
0.477397
0.364784
0.952230
0.635712
0.141603
0.016301
0.137232
0.156679
0.129790
0.998925
0.512932
0.612640
0.637552
0.493583
0.292517
0.526745
0.400229
0.283315
0.807725
0.069755
0.525995
0.192214
0.890233
0.064171
0.457702
0.238280
0.902208
0.266666
0.375207
0.512535
0.531606
0.437638
0.930810
0.284293
0.639979
0.687861
0.440105
0.829201
0.228968
0.350360
0.956468
0.657304
0.439560
0.398437
0.684219
0.482491
0.950252
0.147660
0.641081
0.619596
0.786002
0.447034
0.187533
0.556444
0.169607
0.103171
0.495444
0.984752
0.684445
0.749771
0.294160
0.584489
0.152390
0.125475
0.164102


Run Summary:    Type  Total    Ran Passed Failed Inactive
              suites      1      1    n/a      0        0
               tests      4      4      4      0        0
             asserts      8      8      8      0      n/a

Elapsed time =    0.000 seconds
<end of output>
Test time =   0.00 sec
----------------------------------------------------------
Test Passed.
"my_test" end time: Jun 11 21:01 +04
"my_test" time elapsed: 00:00:00
----------------------------------------------------------

End testing: Jun 11 21:01 +04
