Start testing: Jun 11 23:41 +04
----------------------------------------------------------
1/1 Testing: my_test
1/1 Test: my_test
Command: "/home/poisonivysart/Documents/L2/S2/CS_DevTech/gameoflife/build/my_test"
Directory: /home/poisonivysart/Documents/L2/S2/CS_DevTech/gameoflife/build
"my_test" start time: Jun 11 23:41 +04
Output:
----------------------------------------------------------


     CUnit - A unit testing framework for C - Version 2.1-3
     http://cunit.sourceforge.net/


Suite Basic_Test_Suite1, Test 

……… Testing count function……..

 had failures:
    1. /home/poisonivysart/Documents/L2/S2/CS_DevTech/gameoflife/tests/tests.c:72  - 8 == count(ROWS, COLUMNS, 3,3,board)After a huge war, all cells are dead. The Game of Life has come to an end!
The cells in the table liked their positions and wouldn't change anymore. The Game of Life has come to an end!


Run Summary:    Type  Total    Ran Passed Failed Inactive
              suites      1      1    n/a      0        0
               tests      6      6      5      1        0
             asserts     11     11     10      1      n/a

Elapsed time =    0.000 seconds
<end of output>
Test time =   0.00 sec
----------------------------------------------------------
Test Passed.
"my_test" end time: Jun 11 23:41 +04
"my_test" time elapsed: 00:00:00
----------------------------------------------------------

End testing: Jun 11 23:41 +04
